<?xml version="1.0" encoding="UTF-8"?>
<Site BuildName="(empty)"
	BuildStamp="20240628-0807-Experimental"
	Name="yzh"
	Generator="ctest-3.22.2"
	CompilerName="/usr/bin/c++"
	CompilerVersion="9.4.0"
	OSName="Linux"
	Hostname="yzh"
	OSRelease="5.15.0-113-generic"
	OSVersion="#123~20.04.1-Ubuntu SMP Wed Jun 12 17:33:13 UTC 2024"
	OSPlatform="x86_64"
	Is64Bits="1"
	VendorString="GenuineIntel"
	VendorID="Intel Corporation"
	FamilyID="6"
	ModelID="167"
	ProcessorCacheSize="16384"
	NumberOfLogicalCPU="16"
	NumberOfPhysicalCPU="8"
	TotalVirtualMemory="2047"
	TotalPhysicalMemory="31702"
	LogicalProcessorsPerPhysical="2"
	ProcessorClockFrequency="3500"
	>
	<Testing>
		<StartDateTime>Jun 28 18:08 CST</StartDateTime>
		<StartTestTime>1719569333</StartTestTime>
		<TestList/>
		<EndDateTime>Jun 28 18:08 CST</EndDateTime>
		<EndTestTime>1719569333</EndTestTime>
		<ElapsedMinutes>0</ElapsedMinutes>
	</Testing>
</Site>
